2022-10-10 16:58:50,576 DEBUG scheduler Access denied for site abakada-assessment.com
2022-10-10 17:40:32,166 INFO scheduler Scheduled Job Start: erpnext.hr.doctype.employee.employee_reminders.send_reminders_in_advance_weekly for abakada-assessment-jeremiah-fernandez.com
2022-10-10 17:40:32,194 INFO scheduler Scheduled Job Start: erpnext.hr.doctype.shift_type.shift_type.process_auto_attendance_for_all_shifts for abakada-assessment-jeremiah-fernandez.com
2022-10-10 17:40:32,510 INFO scheduler Scheduled Job Complete: erpnext.hr.doctype.shift_type.shift_type.process_auto_attendance_for_all_shifts for abakada-assessment-jeremiah-fernandez.com
2022-10-10 17:40:32,541 INFO scheduler Scheduled Job Complete: erpnext.hr.doctype.employee.employee_reminders.send_reminders_in_advance_weekly for abakada-assessment-jeremiah-fernandez.com
2022-10-10 17:40:32,596 INFO scheduler Scheduled Job Start: erpnext.stock.doctype.repost_item_valuation.repost_item_valuation.repost_entries for abakada-assessment-jeremiah-fernandez.com
2022-10-10 17:40:32,637 INFO scheduler Scheduled Job Start: erpnext.hr.doctype.employee.employee_reminders.send_reminders_in_advance_monthly for abakada-assessment-jeremiah-fernandez.com
2022-10-10 17:40:32,867 INFO scheduler Scheduled Job Complete: erpnext.hr.doctype.employee.employee_reminders.send_reminders_in_advance_monthly for abakada-assessment-jeremiah-fernandez.com
2022-10-10 17:40:32,880 INFO scheduler Scheduled Job Complete: erpnext.stock.doctype.repost_item_valuation.repost_item_valuation.repost_entries for abakada-assessment-jeremiah-fernandez.com
2022-10-10 17:40:32,942 INFO scheduler Scheduled Job Start: erpnext.hr.doctype.interview.interview.send_daily_feedback_reminder for abakada-assessment-jeremiah-fernandez.com
2022-10-10 17:40:32,951 INFO scheduler Scheduled Job Start: erpnext.accounts.doctype.subscription.subscription.process_all for abakada-assessment-jeremiah-fernandez.com
2022-10-10 17:40:33,190 INFO scheduler Scheduled Job Complete: erpnext.hr.doctype.interview.interview.send_daily_feedback_reminder for abakada-assessment-jeremiah-fernandez.com
2022-10-10 17:40:33,212 INFO scheduler Scheduled Job Complete: erpnext.accounts.doctype.subscription.subscription.process_all for abakada-assessment-jeremiah-fernandez.com
2022-10-10 17:40:33,296 INFO scheduler Scheduled Job Start: erpnext.non_profit.doctype.membership.membership.set_expired_status for abakada-assessment-jeremiah-fernandez.com
2022-10-10 17:40:33,324 INFO scheduler Scheduled Job Start: erpnext.loan_management.doctype.process_loan_interest_accrual.process_loan_interest_accrual.process_loan_interest_accrual_for_demand_loans for abakada-assessment-jeremiah-fernandez.com
2022-10-10 17:40:33,563 INFO scheduler Scheduled Job Complete: erpnext.non_profit.doctype.membership.membership.set_expired_status for abakada-assessment-jeremiah-fernandez.com
2022-10-10 17:40:33,634 INFO scheduler Scheduled Job Start: erpnext.accounts.doctype.process_statement_of_accounts.process_statement_of_accounts.send_auto_email for abakada-assessment-jeremiah-fernandez.com
2022-10-10 17:40:33,780 INFO scheduler Scheduled Job Complete: erpnext.loan_management.doctype.process_loan_interest_accrual.process_loan_interest_accrual.process_loan_interest_accrual_for_demand_loans for abakada-assessment-jeremiah-fernandez.com
2022-10-10 17:40:33,798 DEBUG scheduler Queued events for site abakada-assessment-jeremiah-fernandez.com
2022-10-10 17:40:33,853 INFO scheduler Scheduled Job Start: erpnext.accounts.deferred_revenue.process_deferred_accounting for abakada-assessment-jeremiah-fernandez.com
2022-10-10 17:40:33,930 INFO scheduler Scheduled Job Complete: erpnext.accounts.doctype.process_statement_of_accounts.process_statement_of_accounts.send_auto_email for abakada-assessment-jeremiah-fernandez.com
2022-10-10 17:40:34,022 INFO scheduler Scheduled Job Start: erpnext.buying.doctype.supplier_quotation.supplier_quotation.set_expired_status for abakada-assessment-jeremiah-fernandez.com
2022-10-10 17:40:34,219 INFO scheduler Scheduled Job Complete: erpnext.accounts.deferred_revenue.process_deferred_accounting for abakada-assessment-jeremiah-fernandez.com
2022-10-10 17:40:34,305 INFO scheduler Scheduled Job Start: erpnext.crm.doctype.lead.lead.daily_open_lead for abakada-assessment-jeremiah-fernandez.com
2022-10-10 17:40:34,347 INFO scheduler Scheduled Job Complete: erpnext.buying.doctype.supplier_quotation.supplier_quotation.set_expired_status for abakada-assessment-jeremiah-fernandez.com
2022-10-10 17:40:34,427 INFO scheduler Scheduled Job Start: erpnext.healthcare.doctype.patient_appointment.patient_appointment.update_appointment_status for abakada-assessment-jeremiah-fernandez.com
2022-10-10 17:40:34,638 INFO scheduler Scheduled Job Failed: erpnext.healthcare.doctype.patient_appointment.patient_appointment.update_appointment_status for abakada-assessment-jeremiah-fernandez.com
2022-10-10 17:40:34,645 INFO scheduler Scheduled Job Complete: erpnext.crm.doctype.lead.lead.daily_open_lead for abakada-assessment-jeremiah-fernandez.com
2022-10-10 17:40:34,718 INFO scheduler Scheduled Job Start: erpnext.selling.doctype.quotation.quotation.set_expired_status for abakada-assessment-jeremiah-fernandez.com
2022-10-10 17:40:34,722 INFO scheduler Scheduled Job Start: erpnext.loan_management.doctype.process_loan_interest_accrual.process_loan_interest_accrual.process_loan_interest_accrual_for_term_loans for abakada-assessment-jeremiah-fernandez.com
2022-10-10 17:40:34,988 INFO scheduler Scheduled Job Complete: erpnext.selling.doctype.quotation.quotation.set_expired_status for abakada-assessment-jeremiah-fernandez.com
2022-10-10 17:40:34,988 INFO scheduler Scheduled Job Complete: erpnext.loan_management.doctype.process_loan_interest_accrual.process_loan_interest_accrual.process_loan_interest_accrual_for_term_loans for abakada-assessment-jeremiah-fernandez.com
2022-10-10 17:40:35,065 INFO scheduler Scheduled Job Start: erpnext.crm.doctype.email_campaign.email_campaign.set_email_campaign_status for abakada-assessment-jeremiah-fernandez.com
2022-10-10 17:40:35,070 INFO scheduler Scheduled Job Start: erpnext.loan_management.doctype.process_loan_security_shortfall.process_loan_security_shortfall.create_process_loan_security_shortfall for abakada-assessment-jeremiah-fernandez.com
2022-10-10 17:40:35,272 INFO scheduler Scheduled Job Complete: erpnext.loan_management.doctype.process_loan_security_shortfall.process_loan_security_shortfall.create_process_loan_security_shortfall for abakada-assessment-jeremiah-fernandez.com
2022-10-10 17:40:35,354 INFO scheduler Scheduled Job Complete: erpnext.crm.doctype.email_campaign.email_campaign.set_email_campaign_status for abakada-assessment-jeremiah-fernandez.com
2022-10-10 17:40:35,406 INFO scheduler Scheduled Job Start: erpnext.hr.utils.allocate_earned_leaves for abakada-assessment-jeremiah-fernandez.com
2022-10-10 17:40:35,470 INFO scheduler Scheduled Job Start: erpnext.crm.doctype.email_campaign.email_campaign.send_email_to_leads_or_contacts for abakada-assessment-jeremiah-fernandez.com
2022-10-10 17:40:35,655 INFO scheduler Scheduled Job Complete: erpnext.hr.utils.allocate_earned_leaves for abakada-assessment-jeremiah-fernandez.com
2022-10-10 17:40:35,676 INFO scheduler Scheduled Job Complete: erpnext.crm.doctype.email_campaign.email_campaign.send_email_to_leads_or_contacts for abakada-assessment-jeremiah-fernandez.com
2022-10-10 17:40:35,725 INFO scheduler Scheduled Job Start: erpnext.hr.utils.generate_leave_encashment for abakada-assessment-jeremiah-fernandez.com
2022-10-10 17:40:35,746 INFO scheduler Scheduled Job Start: erpnext.support.doctype.service_level_agreement.service_level_agreement.check_agreement_status for abakada-assessment-jeremiah-fernandez.com
2022-10-10 17:40:35,910 INFO scheduler Scheduled Job Complete: erpnext.hr.utils.generate_leave_encashment for abakada-assessment-jeremiah-fernandez.com
2022-10-10 17:40:35,973 INFO scheduler Scheduled Job Complete: erpnext.support.doctype.service_level_agreement.service_level_agreement.check_agreement_status for abakada-assessment-jeremiah-fernandez.com
2022-10-10 17:40:35,984 INFO scheduler Scheduled Job Start: erpnext.hr.doctype.leave_ledger_entry.leave_ledger_entry.process_expired_allocation for abakada-assessment-jeremiah-fernandez.com
2022-10-10 17:40:36,059 INFO scheduler Scheduled Job Start: erpnext.quality_management.doctype.quality_review.quality_review.review for abakada-assessment-jeremiah-fernandez.com
2022-10-10 17:40:36,188 INFO scheduler Scheduled Job Complete: erpnext.hr.doctype.leave_ledger_entry.leave_ledger_entry.process_expired_allocation for abakada-assessment-jeremiah-fernandez.com
2022-10-10 17:40:36,267 INFO scheduler Scheduled Job Start: erpnext.manufacturing.doctype.bom_update_tool.bom_update_tool.auto_update_latest_price_in_all_boms for abakada-assessment-jeremiah-fernandez.com
2022-10-10 17:40:36,303 INFO scheduler Scheduled Job Complete: erpnext.quality_management.doctype.quality_review.quality_review.review for abakada-assessment-jeremiah-fernandez.com
2022-10-10 17:40:36,393 INFO scheduler Scheduled Job Start: erpnext.projects.doctype.project.project.send_project_status_email_to_users for abakada-assessment-jeremiah-fernandez.com
2022-10-10 17:40:36,542 INFO scheduler Scheduled Job Complete: erpnext.manufacturing.doctype.bom_update_tool.bom_update_tool.auto_update_latest_price_in_all_boms for abakada-assessment-jeremiah-fernandez.com
2022-10-10 17:40:36,616 INFO scheduler Scheduled Job Start: erpnext.setup.doctype.email_digest.email_digest.send for abakada-assessment-jeremiah-fernandez.com
2022-10-10 17:40:36,703 INFO scheduler Scheduled Job Complete: erpnext.projects.doctype.project.project.send_project_status_email_to_users for abakada-assessment-jeremiah-fernandez.com
2022-10-10 17:40:36,777 INFO scheduler Scheduled Job Start: erpnext.projects.doctype.project.project.update_project_sales_billing for abakada-assessment-jeremiah-fernandez.com
2022-10-10 17:40:36,809 INFO scheduler Scheduled Job Complete: erpnext.setup.doctype.email_digest.email_digest.send for abakada-assessment-jeremiah-fernandez.com
2022-10-10 17:40:36,888 INFO scheduler Scheduled Job Start: frappe.integrations.doctype.s3_backup_settings.s3_backup_settings.take_backups_monthly for abakada-assessment-jeremiah-fernandez.com
2022-10-10 17:40:37,012 INFO scheduler Scheduled Job Complete: erpnext.projects.doctype.project.project.update_project_sales_billing for abakada-assessment-jeremiah-fernandez.com
2022-10-10 17:40:37,087 INFO scheduler Scheduled Job Start: erpnext.crm.doctype.contract.contract.update_status_for_contracts for abakada-assessment-jeremiah-fernandez.com
2022-10-10 17:40:37,134 INFO scheduler Scheduled Job Complete: frappe.integrations.doctype.s3_backup_settings.s3_backup_settings.take_backups_monthly for abakada-assessment-jeremiah-fernandez.com
2022-10-10 17:40:37,202 INFO scheduler Scheduled Job Start: frappe.integrations.doctype.google_drive.google_drive.weekly_backup for abakada-assessment-jeremiah-fernandez.com
2022-10-10 17:40:37,298 INFO scheduler Scheduled Job Complete: erpnext.crm.doctype.contract.contract.update_status_for_contracts for abakada-assessment-jeremiah-fernandez.com
2022-10-10 17:40:37,369 INFO scheduler Scheduled Job Start: erpnext.assets.doctype.asset.asset.make_post_gl_entry for abakada-assessment-jeremiah-fernandez.com
2022-10-10 17:40:37,550 INFO scheduler Scheduled Job Complete: frappe.integrations.doctype.google_drive.google_drive.weekly_backup for abakada-assessment-jeremiah-fernandez.com
2022-10-10 17:40:37,643 INFO scheduler Scheduled Job Start: frappe.social.doctype.energy_point_log.energy_point_log.send_weekly_summary for abakada-assessment-jeremiah-fernandez.com
2022-10-10 17:40:37,713 INFO scheduler Scheduled Job Complete: erpnext.assets.doctype.asset.asset.make_post_gl_entry for abakada-assessment-jeremiah-fernandez.com
2022-10-10 17:40:37,816 INFO scheduler Scheduled Job Start: erpnext.assets.doctype.asset.asset.update_maintenance_status for abakada-assessment-jeremiah-fernandez.com
2022-10-10 17:40:37,871 INFO scheduler Scheduled Job Complete: frappe.social.doctype.energy_point_log.energy_point_log.send_weekly_summary for abakada-assessment-jeremiah-fernandez.com
2022-10-10 17:40:37,944 INFO scheduler Scheduled Job Start: frappe.desk.form.document_follow.send_weekly_updates for abakada-assessment-jeremiah-fernandez.com
2022-10-10 17:40:38,130 INFO scheduler Scheduled Job Complete: erpnext.assets.doctype.asset.asset.update_maintenance_status for abakada-assessment-jeremiah-fernandez.com
2022-10-10 17:40:38,157 INFO scheduler Scheduled Job Complete: frappe.desk.form.document_follow.send_weekly_updates for abakada-assessment-jeremiah-fernandez.com
2022-10-10 17:40:38,203 INFO scheduler Scheduled Job Start: erpnext.setup.doctype.company.company.cache_companies_monthly_sales_history for abakada-assessment-jeremiah-fernandez.com
2022-10-10 17:40:38,229 INFO scheduler Scheduled Job Start: frappe.desk.doctype.route_history.route_history.flush_old_route_records for abakada-assessment-jeremiah-fernandez.com
2022-10-10 17:40:38,415 INFO scheduler Scheduled Job Complete: frappe.desk.doctype.route_history.route_history.flush_old_route_records for abakada-assessment-jeremiah-fernandez.com
2022-10-10 17:40:38,427 INFO scheduler Scheduled Job Complete: erpnext.setup.doctype.company.company.cache_companies_monthly_sales_history for abakada-assessment-jeremiah-fernandez.com
2022-10-10 17:40:38,487 INFO scheduler Scheduled Job Start: frappe.integrations.doctype.s3_backup_settings.s3_backup_settings.take_backups_weekly for abakada-assessment-jeremiah-fernandez.com
2022-10-10 17:40:38,500 INFO scheduler Scheduled Job Start: erpnext.buying.doctype.supplier_scorecard.supplier_scorecard.refresh_scorecards for abakada-assessment-jeremiah-fernandez.com
2022-10-10 17:40:38,669 INFO scheduler Scheduled Job Complete: erpnext.buying.doctype.supplier_scorecard.supplier_scorecard.refresh_scorecards for abakada-assessment-jeremiah-fernandez.com
2022-10-10 17:40:38,714 INFO scheduler Scheduled Job Complete: frappe.integrations.doctype.s3_backup_settings.s3_backup_settings.take_backups_weekly for abakada-assessment-jeremiah-fernandez.com
2022-10-10 17:40:38,738 INFO scheduler Scheduled Job Start: erpnext.stock.doctype.serial_no.serial_no.update_maintenance_status for abakada-assessment-jeremiah-fernandez.com
2022-10-10 17:40:38,793 INFO scheduler Scheduled Job Start: frappe.integrations.doctype.dropbox_settings.dropbox_settings.take_backups_weekly for abakada-assessment-jeremiah-fernandez.com
2022-10-10 17:40:39,060 INFO scheduler Scheduled Job Complete: erpnext.stock.doctype.serial_no.serial_no.update_maintenance_status for abakada-assessment-jeremiah-fernandez.com
2022-10-10 17:40:39,128 INFO scheduler Scheduled Job Start: erpnext.hr.doctype.daily_work_summary_group.daily_work_summary_group.send_summary for abakada-assessment-jeremiah-fernandez.com
2022-10-10 17:40:39,179 INFO scheduler Scheduled Job Complete: frappe.integrations.doctype.dropbox_settings.dropbox_settings.take_backups_weekly for abakada-assessment-jeremiah-fernandez.com
2022-10-10 17:40:39,249 INFO scheduler Scheduled Job Start: frappe.integrations.doctype.google_drive.google_drive.daily_backup for abakada-assessment-jeremiah-fernandez.com
2022-10-10 17:40:39,338 INFO scheduler Scheduled Job Complete: erpnext.hr.doctype.daily_work_summary_group.daily_work_summary_group.send_summary for abakada-assessment-jeremiah-fernandez.com
2022-10-10 17:40:39,410 INFO scheduler Scheduled Job Start: erpnext.assets.doctype.asset.depreciation.post_depreciation_entries for abakada-assessment-jeremiah-fernandez.com
2022-10-10 17:40:39,559 INFO scheduler Scheduled Job Complete: frappe.integrations.doctype.google_drive.google_drive.daily_backup for abakada-assessment-jeremiah-fernandez.com
2022-10-10 17:40:39,593 INFO scheduler Scheduled Job Complete: erpnext.assets.doctype.asset.depreciation.post_depreciation_entries for abakada-assessment-jeremiah-fernandez.com
2022-10-10 17:40:39,637 INFO scheduler Scheduled Job Start: frappe.email.doctype.auto_email_report.auto_email_report.send_daily for abakada-assessment-jeremiah-fernandez.com
2022-10-10 17:40:39,675 INFO scheduler Scheduled Job Start: erpnext.projects.doctype.task.task.set_tasks_as_overdue for abakada-assessment-jeremiah-fernandez.com
2022-10-10 17:40:39,949 INFO scheduler Scheduled Job Complete: erpnext.projects.doctype.task.task.set_tasks_as_overdue for abakada-assessment-jeremiah-fernandez.com
2022-10-10 17:40:40,058 INFO scheduler Scheduled Job Start: erpnext.hr.doctype.employee.employee_reminders.send_birthday_reminders for abakada-assessment-jeremiah-fernandez.com
2022-10-10 17:40:40,154 INFO scheduler Scheduled Job Complete: frappe.email.doctype.auto_email_report.auto_email_report.send_daily for abakada-assessment-jeremiah-fernandez.com
2022-10-10 17:40:40,229 INFO scheduler Scheduled Job Start: frappe.integrations.doctype.s3_backup_settings.s3_backup_settings.take_backups_daily for abakada-assessment-jeremiah-fernandez.com
2022-10-10 17:40:40,255 INFO scheduler Scheduled Job Complete: erpnext.hr.doctype.employee.employee_reminders.send_birthday_reminders for abakada-assessment-jeremiah-fernandez.com
2022-10-10 17:40:40,345 INFO scheduler Scheduled Job Start: erpnext.hr.doctype.employee.employee_reminders.send_work_anniversary_reminders for abakada-assessment-jeremiah-fernandez.com
2022-10-10 17:40:40,494 INFO scheduler Scheduled Job Complete: frappe.integrations.doctype.s3_backup_settings.s3_backup_settings.take_backups_daily for abakada-assessment-jeremiah-fernandez.com
2022-10-10 17:40:40,545 INFO scheduler Scheduled Job Complete: erpnext.hr.doctype.employee.employee_reminders.send_work_anniversary_reminders for abakada-assessment-jeremiah-fernandez.com
2022-10-10 17:40:40,567 INFO scheduler Scheduled Job Start: frappe.utils.change_log.check_for_update for abakada-assessment-jeremiah-fernandez.com
2022-10-10 17:40:40,617 INFO scheduler Scheduled Job Start: erpnext.accounts.doctype.fiscal_year.fiscal_year.auto_create_fiscal_year for abakada-assessment-jeremiah-fernandez.com
2022-10-10 17:40:40,793 INFO scheduler Scheduled Job Complete: erpnext.accounts.doctype.fiscal_year.fiscal_year.auto_create_fiscal_year for abakada-assessment-jeremiah-fernandez.com
2022-10-10 17:40:40,863 INFO scheduler Scheduled Job Start: erpnext.controllers.accounts_controller.update_invoice_status for abakada-assessment-jeremiah-fernandez.com
2022-10-10 17:40:41,092 INFO scheduler Scheduled Job Complete: erpnext.controllers.accounts_controller.update_invoice_status for abakada-assessment-jeremiah-fernandez.com
2022-10-10 17:40:41,162 INFO scheduler Scheduled Job Start: erpnext.crm.doctype.opportunity.opportunity.auto_close_opportunity for abakada-assessment-jeremiah-fernandez.com
2022-10-10 17:40:41,414 INFO scheduler Scheduled Job Complete: erpnext.crm.doctype.opportunity.opportunity.auto_close_opportunity for abakada-assessment-jeremiah-fernandez.com
2022-10-10 17:40:41,527 INFO scheduler Scheduled Job Start: erpnext.support.doctype.issue.issue.auto_close_tickets for abakada-assessment-jeremiah-fernandez.com
2022-10-10 17:40:41,691 INFO scheduler Scheduled Job Complete: erpnext.support.doctype.issue.issue.auto_close_tickets for abakada-assessment-jeremiah-fernandez.com
2022-10-10 17:40:41,757 INFO scheduler Scheduled Job Start: erpnext.erpnext_integrations.connectors.shopify_connection.sync_old_orders for abakada-assessment-jeremiah-fernandez.com
2022-10-10 17:40:41,889 INFO scheduler Scheduled Job Complete: frappe.utils.change_log.check_for_update for abakada-assessment-jeremiah-fernandez.com
2022-10-10 17:40:41,968 INFO scheduler Scheduled Job Start: frappe.integrations.doctype.dropbox_settings.dropbox_settings.take_backups_daily for abakada-assessment-jeremiah-fernandez.com
2022-10-10 17:40:42,113 INFO scheduler Scheduled Job Complete: erpnext.erpnext_integrations.connectors.shopify_connection.sync_old_orders for abakada-assessment-jeremiah-fernandez.com
2022-10-10 17:40:42,195 INFO scheduler Scheduled Job Start: erpnext.support.doctype.issue.issue.set_service_level_agreement_variance for abakada-assessment-jeremiah-fernandez.com
2022-10-10 17:40:42,342 INFO scheduler Scheduled Job Complete: frappe.integrations.doctype.dropbox_settings.dropbox_settings.take_backups_daily for abakada-assessment-jeremiah-fernandez.com
2022-10-10 17:40:42,413 INFO scheduler Scheduled Job Complete: erpnext.support.doctype.issue.issue.set_service_level_agreement_variance for abakada-assessment-jeremiah-fernandez.com
2022-10-10 17:40:42,484 INFO scheduler Scheduled Job Start: erpnext.projects.doctype.project.project.collect_project_status for abakada-assessment-jeremiah-fernandez.com
2022-10-10 17:40:42,723 INFO scheduler Scheduled Job Complete: erpnext.projects.doctype.project.project.collect_project_status for abakada-assessment-jeremiah-fernandez.com
2022-10-10 17:40:42,794 INFO scheduler Scheduled Job Start: erpnext.projects.doctype.project.project.hourly_reminder for abakada-assessment-jeremiah-fernandez.com
2022-10-10 17:40:43,036 INFO scheduler Scheduled Job Complete: erpnext.projects.doctype.project.project.hourly_reminder for abakada-assessment-jeremiah-fernandez.com
2022-10-10 17:40:43,100 INFO scheduler Scheduled Job Start: erpnext.erpnext_integrations.doctype.plaid_settings.plaid_settings.automatic_synchronization for abakada-assessment-jeremiah-fernandez.com
2022-10-10 17:40:43,381 INFO scheduler Scheduled Job Complete: erpnext.erpnext_integrations.doctype.plaid_settings.plaid_settings.automatic_synchronization for abakada-assessment-jeremiah-fernandez.com
2022-10-10 17:40:43,458 INFO scheduler Scheduled Job Start: erpnext.erpnext_integrations.doctype.amazon_mws_settings.amazon_mws_settings.schedule_get_order_details for abakada-assessment-jeremiah-fernandez.com
2022-10-10 17:40:43,704 INFO scheduler Scheduled Job Complete: erpnext.erpnext_integrations.doctype.amazon_mws_settings.amazon_mws_settings.schedule_get_order_details for abakada-assessment-jeremiah-fernandez.com
2022-10-10 17:40:43,766 INFO scheduler Scheduled Job Start: erpnext.hr.doctype.daily_work_summary_group.daily_work_summary_group.trigger_emails for abakada-assessment-jeremiah-fernandez.com
2022-10-10 17:40:43,953 INFO scheduler Scheduled Job Complete: erpnext.hr.doctype.daily_work_summary_group.daily_work_summary_group.trigger_emails for abakada-assessment-jeremiah-fernandez.com
2022-10-10 17:40:44,020 INFO scheduler Scheduled Job Start: erpnext.crm.doctype.social_media_post.social_media_post.process_scheduled_social_media_posts for abakada-assessment-jeremiah-fernandez.com
2022-10-10 17:40:44,194 INFO scheduler Scheduled Job Complete: erpnext.crm.doctype.social_media_post.social_media_post.process_scheduled_social_media_posts for abakada-assessment-jeremiah-fernandez.com
2022-10-10 17:40:44,250 INFO scheduler Scheduled Job Start: erpnext.hr.doctype.interview.interview.send_interview_reminder for abakada-assessment-jeremiah-fernandez.com
2022-10-10 17:40:44,393 INFO scheduler Scheduled Job Complete: erpnext.hr.doctype.interview.interview.send_interview_reminder for abakada-assessment-jeremiah-fernandez.com
2022-10-10 17:40:44,449 INFO scheduler Scheduled Job Start: erpnext.healthcare.doctype.patient_appointment.patient_appointment.send_appointment_reminder for abakada-assessment-jeremiah-fernandez.com
2022-10-10 17:40:44,618 INFO scheduler Scheduled Job Complete: erpnext.healthcare.doctype.patient_appointment.patient_appointment.send_appointment_reminder for abakada-assessment-jeremiah-fernandez.com
2022-10-10 17:40:44,675 INFO scheduler Scheduled Job Start: erpnext.projects.doctype.project.project.project_status_update_reminder for abakada-assessment-jeremiah-fernandez.com
2022-10-10 17:40:44,864 INFO scheduler Scheduled Job Complete: erpnext.projects.doctype.project.project.project_status_update_reminder for abakada-assessment-jeremiah-fernandez.com
2022-10-10 17:40:44,923 INFO scheduler Scheduled Job Start: erpnext.stock.reorder_item.reorder_item for abakada-assessment-jeremiah-fernandez.com
2022-10-10 17:40:45,130 INFO scheduler Scheduled Job Complete: erpnext.stock.reorder_item.reorder_item for abakada-assessment-jeremiah-fernandez.com
2022-10-10 17:40:45,214 INFO scheduler Scheduled Job Start: erpnext.accounts.doctype.gl_entry.gl_entry.rename_gle_sle_docs for abakada-assessment-jeremiah-fernandez.com
2022-10-10 17:40:45,464 INFO scheduler Scheduled Job Complete: erpnext.accounts.doctype.gl_entry.gl_entry.rename_gle_sle_docs for abakada-assessment-jeremiah-fernandez.com
2022-10-10 17:40:45,532 INFO scheduler Scheduled Job Start: erpnext.utilities.doctype.video.video.update_youtube_data for abakada-assessment-jeremiah-fernandez.com
2022-10-10 17:40:45,796 INFO scheduler Scheduled Job Complete: erpnext.utilities.doctype.video.video.update_youtube_data for abakada-assessment-jeremiah-fernandez.com
2022-10-10 17:40:45,862 INFO scheduler Scheduled Job Start: erpnext.manufacturing.doctype.bom_update_log.bom_update_log.resume_bom_cost_update_jobs for abakada-assessment-jeremiah-fernandez.com
2022-10-10 17:40:46,040 INFO scheduler Scheduled Job Complete: erpnext.manufacturing.doctype.bom_update_log.bom_update_log.resume_bom_cost_update_jobs for abakada-assessment-jeremiah-fernandez.com
2022-10-10 17:40:46,105 INFO scheduler Scheduled Job Start: frappe.social.doctype.energy_point_log.energy_point_log.send_monthly_summary for abakada-assessment-jeremiah-fernandez.com
2022-10-10 17:40:46,257 INFO scheduler Scheduled Job Complete: frappe.social.doctype.energy_point_log.energy_point_log.send_monthly_summary for abakada-assessment-jeremiah-fernandez.com
2022-10-10 17:40:46,319 INFO scheduler Scheduled Job Start: frappe.email.doctype.auto_email_report.auto_email_report.send_monthly for abakada-assessment-jeremiah-fernandez.com
2022-10-10 17:40:46,731 INFO scheduler Scheduled Job Complete: frappe.email.doctype.auto_email_report.auto_email_report.send_monthly for abakada-assessment-jeremiah-fernandez.com
2022-10-10 17:40:46,801 INFO scheduler Scheduled Job Start: frappe.core.doctype.log_settings.log_settings.run_log_clean_up for abakada-assessment-jeremiah-fernandez.com
2022-10-10 17:40:46,996 INFO scheduler Scheduled Job Complete: frappe.core.doctype.log_settings.log_settings.run_log_clean_up for abakada-assessment-jeremiah-fernandez.com
2022-10-10 17:40:47,060 INFO scheduler Scheduled Job Start: frappe.core.doctype.prepared_report.prepared_report.delete_expired_prepared_reports for abakada-assessment-jeremiah-fernandez.com
2022-10-10 17:40:47,257 INFO scheduler Scheduled Job Complete: frappe.core.doctype.prepared_report.prepared_report.delete_expired_prepared_reports for abakada-assessment-jeremiah-fernandez.com
2022-10-10 17:40:47,325 INFO scheduler Scheduled Job Start: frappe.email.doctype.unhandled_email.unhandled_email.remove_old_unhandled_emails for abakada-assessment-jeremiah-fernandez.com
2022-10-10 17:40:47,501 INFO scheduler Scheduled Job Complete: frappe.email.doctype.unhandled_email.unhandled_email.remove_old_unhandled_emails for abakada-assessment-jeremiah-fernandez.com
2022-10-10 17:40:47,574 INFO scheduler Scheduled Job Start: frappe.automation.doctype.auto_repeat.auto_repeat.set_auto_repeat_as_completed for abakada-assessment-jeremiah-fernandez.com
2022-10-10 17:40:47,802 INFO scheduler Scheduled Job Complete: frappe.automation.doctype.auto_repeat.auto_repeat.set_auto_repeat_as_completed for abakada-assessment-jeremiah-fernandez.com
2022-10-10 17:40:47,875 INFO scheduler Scheduled Job Start: frappe.automation.doctype.auto_repeat.auto_repeat.make_auto_repeat_entry for abakada-assessment-jeremiah-fernandez.com
2022-10-10 17:40:48,091 INFO scheduler Scheduled Job Complete: frappe.automation.doctype.auto_repeat.auto_repeat.make_auto_repeat_entry for abakada-assessment-jeremiah-fernandez.com
2022-10-10 17:40:48,161 INFO scheduler Scheduled Job Start: frappe.integrations.doctype.google_contacts.google_contacts.sync for abakada-assessment-jeremiah-fernandez.com
2022-10-10 17:40:48,511 INFO scheduler Scheduled Job Complete: frappe.integrations.doctype.google_contacts.google_contacts.sync for abakada-assessment-jeremiah-fernandez.com
2022-10-10 17:40:48,585 INFO scheduler Scheduled Job Start: frappe.social.doctype.energy_point_settings.energy_point_settings.allocate_review_points for abakada-assessment-jeremiah-fernandez.com
2022-10-10 17:40:48,832 INFO scheduler Scheduled Job Complete: frappe.social.doctype.energy_point_settings.energy_point_settings.allocate_review_points for abakada-assessment-jeremiah-fernandez.com
2022-10-10 17:40:48,901 INFO scheduler Scheduled Job Start: frappe.desk.form.document_follow.send_daily_updates for abakada-assessment-jeremiah-fernandez.com
2022-10-10 17:40:49,087 INFO scheduler Scheduled Job Complete: frappe.desk.form.document_follow.send_daily_updates for abakada-assessment-jeremiah-fernandez.com
2022-10-10 17:40:49,156 INFO scheduler Scheduled Job Start: frappe.website.doctype.personal_data_deletion_request.personal_data_deletion_request.remove_unverified_record for abakada-assessment-jeremiah-fernandez.com
2022-10-10 17:40:49,329 INFO scheduler Scheduled Job Complete: frappe.website.doctype.personal_data_deletion_request.personal_data_deletion_request.remove_unverified_record for abakada-assessment-jeremiah-fernandez.com
2022-10-10 17:40:49,394 INFO scheduler Scheduled Job Start: frappe.utils.scheduler.restrict_scheduler_events_if_dormant for abakada-assessment-jeremiah-fernandez.com
2022-10-10 17:40:49,571 INFO scheduler Scheduled Job Failed: frappe.utils.scheduler.restrict_scheduler_events_if_dormant for abakada-assessment-jeremiah-fernandez.com
2022-10-10 17:40:49,644 INFO scheduler Scheduled Job Start: frappe.email.doctype.notification.notification.trigger_daily_alerts for abakada-assessment-jeremiah-fernandez.com
2022-10-10 17:40:49,842 INFO scheduler Scheduled Job Complete: frappe.email.doctype.notification.notification.trigger_daily_alerts for abakada-assessment-jeremiah-fernandez.com
2022-10-10 17:40:49,904 INFO scheduler Scheduled Job Start: frappe.sessions.clear_expired_sessions for abakada-assessment-jeremiah-fernandez.com
2022-10-10 17:40:50,063 INFO scheduler Scheduled Job Complete: frappe.sessions.clear_expired_sessions for abakada-assessment-jeremiah-fernandez.com
2022-10-10 17:40:50,128 INFO scheduler Scheduled Job Start: frappe.desk.doctype.event.event.send_event_digest for abakada-assessment-jeremiah-fernandez.com
2022-10-10 17:40:50,315 INFO scheduler Scheduled Job Complete: frappe.desk.doctype.event.event.send_event_digest for abakada-assessment-jeremiah-fernandez.com
2022-10-10 17:40:50,381 INFO scheduler Scheduled Job Start: frappe.core.doctype.error_log.error_log.set_old_logs_as_seen for abakada-assessment-jeremiah-fernandez.com
2022-10-10 17:40:50,537 INFO scheduler Scheduled Job Complete: frappe.core.doctype.error_log.error_log.set_old_logs_as_seen for abakada-assessment-jeremiah-fernandez.com
2022-10-10 17:40:50,602 INFO scheduler Scheduled Job Start: frappe.desk.notifications.clear_notifications for abakada-assessment-jeremiah-fernandez.com
2022-10-10 17:40:50,772 INFO scheduler Scheduled Job Complete: frappe.desk.notifications.clear_notifications for abakada-assessment-jeremiah-fernandez.com
2022-10-10 17:40:50,834 INFO scheduler Scheduled Job Start: frappe.email.queue.set_expiry_for_email_queue for abakada-assessment-jeremiah-fernandez.com
2022-10-10 17:40:51,006 INFO scheduler Scheduled Job Complete: frappe.email.queue.set_expiry_for_email_queue for abakada-assessment-jeremiah-fernandez.com
2022-10-10 17:40:51,070 INFO scheduler Scheduled Job Start: frappe.email.doctype.newsletter.newsletter.send_scheduled_email for abakada-assessment-jeremiah-fernandez.com
2022-10-10 17:40:51,286 INFO scheduler Scheduled Job Complete: frappe.email.doctype.newsletter.newsletter.send_scheduled_email for abakada-assessment-jeremiah-fernandez.com
2022-10-10 17:40:51,349 INFO scheduler Scheduled Job Start: frappe.integrations.doctype.google_calendar.google_calendar.sync for abakada-assessment-jeremiah-fernandez.com
2022-10-10 17:40:51,667 INFO scheduler Scheduled Job Complete: frappe.integrations.doctype.google_calendar.google_calendar.sync for abakada-assessment-jeremiah-fernandez.com
2022-10-10 17:40:51,732 INFO scheduler Scheduled Job Start: frappe.desk.form.document_follow.send_hourly_updates for abakada-assessment-jeremiah-fernandez.com
2022-10-10 17:40:51,906 INFO scheduler Scheduled Job Complete: frappe.desk.form.document_follow.send_hourly_updates for abakada-assessment-jeremiah-fernandez.com
2022-10-10 17:40:51,970 INFO scheduler Scheduled Job Start: frappe.deferred_insert.save_to_db for abakada-assessment-jeremiah-fernandez.com
2022-10-10 17:40:52,122 INFO scheduler Scheduled Job Complete: frappe.deferred_insert.save_to_db for abakada-assessment-jeremiah-fernandez.com
2022-10-10 17:40:52,185 INFO scheduler Scheduled Job Start: frappe.desk.page.backups.backups.delete_downloadable_backups for abakada-assessment-jeremiah-fernandez.com
2022-10-10 17:40:52,355 INFO scheduler Scheduled Job Complete: frappe.desk.page.backups.backups.delete_downloadable_backups for abakada-assessment-jeremiah-fernandez.com
2022-10-10 17:40:52,419 INFO scheduler Scheduled Job Start: frappe.utils.error.collect_error_snapshots for abakada-assessment-jeremiah-fernandez.com
2022-10-10 17:40:52,616 INFO scheduler Scheduled Job Complete: frappe.utils.error.collect_error_snapshots for abakada-assessment-jeremiah-fernandez.com
2022-10-10 17:40:52,677 INFO scheduler Scheduled Job Start: frappe.model.utils.user_settings.sync_user_settings for abakada-assessment-jeremiah-fernandez.com
2022-10-10 17:40:52,839 INFO scheduler Scheduled Job Complete: frappe.model.utils.user_settings.sync_user_settings for abakada-assessment-jeremiah-fernandez.com
2022-10-10 17:40:52,900 INFO scheduler Scheduled Job Start: frappe.model.utils.link_count.update_link_count for abakada-assessment-jeremiah-fernandez.com
2022-10-10 17:40:55,054 INFO scheduler Scheduled Job Complete: frappe.model.utils.link_count.update_link_count for abakada-assessment-jeremiah-fernandez.com
2022-10-10 17:40:55,121 INFO scheduler Scheduled Job Start: frappe.monitor.flush for abakada-assessment-jeremiah-fernandez.com
2022-10-10 17:40:55,244 INFO scheduler Scheduled Job Complete: frappe.monitor.flush for abakada-assessment-jeremiah-fernandez.com
2022-10-10 17:40:55,298 INFO scheduler Scheduled Job Start: frappe.utils.global_search.sync_global_search for abakada-assessment-jeremiah-fernandez.com
2022-10-10 17:40:55,501 INFO scheduler Scheduled Job Complete: frappe.utils.global_search.sync_global_search for abakada-assessment-jeremiah-fernandez.com
2022-10-10 17:40:55,560 INFO scheduler Scheduled Job Start: frappe.integrations.doctype.razorpay_settings.razorpay_settings.capture_payment for abakada-assessment-jeremiah-fernandez.com
2022-10-10 17:40:55,823 INFO scheduler Scheduled Job Complete: frappe.integrations.doctype.razorpay_settings.razorpay_settings.capture_payment for abakada-assessment-jeremiah-fernandez.com
2022-10-10 17:40:55,880 INFO scheduler Scheduled Job Start: frappe.email.doctype.email_account.email_account.notify_unreplied for abakada-assessment-jeremiah-fernandez.com
2022-10-10 17:40:56,065 INFO scheduler Scheduled Job Complete: frappe.email.doctype.email_account.email_account.notify_unreplied for abakada-assessment-jeremiah-fernandez.com
2022-10-10 17:40:56,119 INFO scheduler Scheduled Job Start: frappe.email.doctype.email_account.email_account.pull for abakada-assessment-jeremiah-fernandez.com
2022-10-10 17:40:56,332 INFO scheduler Scheduled Job Complete: frappe.email.doctype.email_account.email_account.pull for abakada-assessment-jeremiah-fernandez.com
2022-10-10 17:40:56,395 INFO scheduler Scheduled Job Start: frappe.email.queue.flush for abakada-assessment-jeremiah-fernandez.com
2022-10-10 17:40:56,533 INFO scheduler Scheduled Job Complete: frappe.email.queue.flush for abakada-assessment-jeremiah-fernandez.com
2022-10-10 17:40:56,594 INFO scheduler Scheduled Job Start: frappe.twofactor.delete_all_barcodes_for_users for abakada-assessment-jeremiah-fernandez.com
2022-10-10 17:40:56,780 INFO scheduler Scheduled Job Complete: frappe.twofactor.delete_all_barcodes_for_users for abakada-assessment-jeremiah-fernandez.com
2022-10-10 17:40:56,851 INFO scheduler Scheduled Job Start: frappe.website.doctype.web_page.web_page.check_publish_status for abakada-assessment-jeremiah-fernandez.com
2022-10-10 17:40:57,094 INFO scheduler Scheduled Job Complete: frappe.website.doctype.web_page.web_page.check_publish_status for abakada-assessment-jeremiah-fernandez.com
2022-10-10 17:40:57,168 INFO scheduler Scheduled Job Start: frappe.oauth.delete_oauth2_data for abakada-assessment-jeremiah-fernandez.com
2022-10-10 17:40:57,402 INFO scheduler Scheduled Job Complete: frappe.oauth.delete_oauth2_data for abakada-assessment-jeremiah-fernandez.com
2022-10-10 17:41:34,000 DEBUG scheduler Queued events for site abakada-assessment-jeremiah-fernandez.com
2022-10-10 17:42:34,200 DEBUG scheduler Queued events for site abakada-assessment-jeremiah-fernandez.com
2022-10-10 17:43:34,414 DEBUG scheduler Queued events for site abakada-assessment-jeremiah-fernandez.com
2022-10-10 17:44:34,639 INFO scheduler Scheduled Job Start: erpnext.crm.doctype.social_media_post.social_media_post.process_scheduled_social_media_posts for abakada-assessment-jeremiah-fernandez.com
2022-10-10 17:44:34,677 DEBUG scheduler Queued events for site abakada-assessment-jeremiah-fernandez.com
2022-10-10 17:44:34,820 INFO scheduler Scheduled Job Complete: erpnext.crm.doctype.social_media_post.social_media_post.process_scheduled_social_media_posts for abakada-assessment-jeremiah-fernandez.com
2022-10-10 17:44:34,874 INFO scheduler Scheduled Job Start: erpnext.hr.doctype.interview.interview.send_interview_reminder for abakada-assessment-jeremiah-fernandez.com
2022-10-10 17:44:35,059 INFO scheduler Scheduled Job Complete: erpnext.hr.doctype.interview.interview.send_interview_reminder for abakada-assessment-jeremiah-fernandez.com
2022-10-10 17:44:35,112 INFO scheduler Scheduled Job Start: erpnext.healthcare.doctype.patient_appointment.patient_appointment.send_appointment_reminder for abakada-assessment-jeremiah-fernandez.com
2022-10-10 17:44:35,278 INFO scheduler Scheduled Job Complete: erpnext.healthcare.doctype.patient_appointment.patient_appointment.send_appointment_reminder for abakada-assessment-jeremiah-fernandez.com
2022-10-10 17:44:35,333 INFO scheduler Scheduled Job Start: erpnext.projects.doctype.project.project.project_status_update_reminder for abakada-assessment-jeremiah-fernandez.com
2022-10-10 17:44:35,514 INFO scheduler Scheduled Job Complete: erpnext.projects.doctype.project.project.project_status_update_reminder for abakada-assessment-jeremiah-fernandez.com
2022-10-10 17:44:35,566 INFO scheduler Scheduled Job Start: frappe.monitor.flush for abakada-assessment-jeremiah-fernandez.com
2022-10-10 17:44:35,689 INFO scheduler Scheduled Job Complete: frappe.monitor.flush for abakada-assessment-jeremiah-fernandez.com
2022-10-10 17:44:35,743 INFO scheduler Scheduled Job Start: frappe.utils.global_search.sync_global_search for abakada-assessment-jeremiah-fernandez.com
2022-10-10 17:44:35,958 INFO scheduler Scheduled Job Complete: frappe.utils.global_search.sync_global_search for abakada-assessment-jeremiah-fernandez.com
2022-10-10 17:44:36,010 INFO scheduler Scheduled Job Start: frappe.integrations.doctype.razorpay_settings.razorpay_settings.capture_payment for abakada-assessment-jeremiah-fernandez.com
2022-10-10 17:44:36,237 INFO scheduler Scheduled Job Complete: frappe.integrations.doctype.razorpay_settings.razorpay_settings.capture_payment for abakada-assessment-jeremiah-fernandez.com
2022-10-10 17:44:36,289 INFO scheduler Scheduled Job Start: frappe.email.doctype.email_account.email_account.notify_unreplied for abakada-assessment-jeremiah-fernandez.com
2022-10-10 17:44:36,476 INFO scheduler Scheduled Job Complete: frappe.email.doctype.email_account.email_account.notify_unreplied for abakada-assessment-jeremiah-fernandez.com
2022-10-10 17:44:36,527 INFO scheduler Scheduled Job Start: frappe.email.doctype.email_account.email_account.pull for abakada-assessment-jeremiah-fernandez.com
2022-10-10 17:44:36,694 INFO scheduler Scheduled Job Complete: frappe.email.doctype.email_account.email_account.pull for abakada-assessment-jeremiah-fernandez.com
2022-10-10 17:44:36,748 INFO scheduler Scheduled Job Start: frappe.email.queue.flush for abakada-assessment-jeremiah-fernandez.com
2022-10-10 17:44:36,880 INFO scheduler Scheduled Job Complete: frappe.email.queue.flush for abakada-assessment-jeremiah-fernandez.com
2022-10-10 17:45:34,998 INFO scheduler Scheduled Job Start: erpnext.manufacturing.doctype.bom_update_log.bom_update_log.resume_bom_cost_update_jobs for abakada-assessment-jeremiah-fernandez.com
2022-10-10 17:45:35,027 DEBUG scheduler Queued events for site abakada-assessment-jeremiah-fernandez.com
2022-10-10 17:45:35,333 INFO scheduler Scheduled Job Complete: erpnext.manufacturing.doctype.bom_update_log.bom_update_log.resume_bom_cost_update_jobs for abakada-assessment-jeremiah-fernandez.com
2022-10-10 17:45:35,440 INFO scheduler Scheduled Job Start: frappe.twofactor.delete_all_barcodes_for_users for abakada-assessment-jeremiah-fernandez.com
2022-10-10 17:45:35,737 INFO scheduler Scheduled Job Complete: frappe.twofactor.delete_all_barcodes_for_users for abakada-assessment-jeremiah-fernandez.com
2022-10-10 17:45:35,846 INFO scheduler Scheduled Job Start: frappe.website.doctype.web_page.web_page.check_publish_status for abakada-assessment-jeremiah-fernandez.com
2022-10-10 17:45:36,184 INFO scheduler Scheduled Job Complete: frappe.website.doctype.web_page.web_page.check_publish_status for abakada-assessment-jeremiah-fernandez.com
2022-10-10 17:45:36,295 INFO scheduler Scheduled Job Start: frappe.oauth.delete_oauth2_data for abakada-assessment-jeremiah-fernandez.com
2022-10-10 17:45:36,643 INFO scheduler Scheduled Job Complete: frappe.oauth.delete_oauth2_data for abakada-assessment-jeremiah-fernandez.com
2022-10-10 17:48:18,579 INFO scheduler Scheduled Job Start: erpnext.crm.doctype.social_media_post.social_media_post.process_scheduled_social_media_posts for abakada-assessment-jeremiah-fernandez.com
2022-10-10 17:48:18,628 DEBUG scheduler Queued events for site abakada-assessment-jeremiah-fernandez.com
2022-10-10 17:48:18,856 INFO scheduler Scheduled Job Complete: erpnext.crm.doctype.social_media_post.social_media_post.process_scheduled_social_media_posts for abakada-assessment-jeremiah-fernandez.com
2022-10-10 17:48:18,923 INFO scheduler Scheduled Job Start: erpnext.hr.doctype.interview.interview.send_interview_reminder for abakada-assessment-jeremiah-fernandez.com
2022-10-10 17:48:19,180 INFO scheduler Scheduled Job Complete: erpnext.hr.doctype.interview.interview.send_interview_reminder for abakada-assessment-jeremiah-fernandez.com
2022-10-10 17:48:19,245 INFO scheduler Scheduled Job Start: erpnext.healthcare.doctype.patient_appointment.patient_appointment.send_appointment_reminder for abakada-assessment-jeremiah-fernandez.com
2022-10-10 17:48:19,432 INFO scheduler Scheduled Job Complete: erpnext.healthcare.doctype.patient_appointment.patient_appointment.send_appointment_reminder for abakada-assessment-jeremiah-fernandez.com
2022-10-10 17:48:19,490 INFO scheduler Scheduled Job Start: erpnext.projects.doctype.project.project.project_status_update_reminder for abakada-assessment-jeremiah-fernandez.com
2022-10-10 17:48:19,741 INFO scheduler Scheduled Job Complete: erpnext.projects.doctype.project.project.project_status_update_reminder for abakada-assessment-jeremiah-fernandez.com
2022-10-10 17:48:19,799 INFO scheduler Scheduled Job Start: frappe.monitor.flush for abakada-assessment-jeremiah-fernandez.com
2022-10-10 17:48:19,929 INFO scheduler Scheduled Job Complete: frappe.monitor.flush for abakada-assessment-jeremiah-fernandez.com
2022-10-10 17:48:19,989 INFO scheduler Scheduled Job Start: frappe.utils.global_search.sync_global_search for abakada-assessment-jeremiah-fernandez.com
2022-10-10 17:48:20,120 INFO scheduler Scheduled Job Complete: frappe.utils.global_search.sync_global_search for abakada-assessment-jeremiah-fernandez.com
2022-10-10 17:48:20,175 INFO scheduler Scheduled Job Start: frappe.integrations.doctype.razorpay_settings.razorpay_settings.capture_payment for abakada-assessment-jeremiah-fernandez.com
2022-10-10 17:48:20,429 INFO scheduler Scheduled Job Complete: frappe.integrations.doctype.razorpay_settings.razorpay_settings.capture_payment for abakada-assessment-jeremiah-fernandez.com
2022-10-10 17:48:20,482 INFO scheduler Scheduled Job Start: frappe.email.doctype.email_account.email_account.notify_unreplied for abakada-assessment-jeremiah-fernandez.com
2022-10-10 17:48:20,669 INFO scheduler Scheduled Job Complete: frappe.email.doctype.email_account.email_account.notify_unreplied for abakada-assessment-jeremiah-fernandez.com
2022-10-10 17:48:20,721 INFO scheduler Scheduled Job Start: frappe.email.doctype.email_account.email_account.pull for abakada-assessment-jeremiah-fernandez.com
2022-10-10 17:48:20,908 INFO scheduler Scheduled Job Complete: frappe.email.doctype.email_account.email_account.pull for abakada-assessment-jeremiah-fernandez.com
2022-10-10 17:48:20,979 INFO scheduler Scheduled Job Start: frappe.email.queue.flush for abakada-assessment-jeremiah-fernandez.com
2022-10-10 17:48:21,160 INFO scheduler Scheduled Job Complete: frappe.email.queue.flush for abakada-assessment-jeremiah-fernandez.com
2022-10-10 17:49:18,873 DEBUG scheduler Queued events for site abakada-assessment-jeremiah-fernandez.com
2022-10-10 17:51:21,350 INFO scheduler Scheduled Job Start: erpnext.manufacturing.doctype.bom_update_log.bom_update_log.resume_bom_cost_update_jobs for abakada-assessment-jeremiah-fernandez.com
2022-10-10 17:51:21,352 DEBUG scheduler Queued events for site abakada-assessment-jeremiah-fernandez.com
2022-10-10 17:51:21,753 INFO scheduler Scheduled Job Complete: erpnext.manufacturing.doctype.bom_update_log.bom_update_log.resume_bom_cost_update_jobs for abakada-assessment-jeremiah-fernandez.com
2022-10-10 17:52:21,664 INFO scheduler Scheduled Job Start: erpnext.crm.doctype.social_media_post.social_media_post.process_scheduled_social_media_posts for abakada-assessment-jeremiah-fernandez.com
2022-10-10 17:52:21,766 DEBUG scheduler Queued events for site abakada-assessment-jeremiah-fernandez.com
2022-10-10 17:52:21,918 INFO scheduler Scheduled Job Complete: erpnext.crm.doctype.social_media_post.social_media_post.process_scheduled_social_media_posts for abakada-assessment-jeremiah-fernandez.com
2022-10-10 17:52:21,975 INFO scheduler Scheduled Job Start: erpnext.hr.doctype.interview.interview.send_interview_reminder for abakada-assessment-jeremiah-fernandez.com
2022-10-10 17:52:22,161 INFO scheduler Scheduled Job Complete: erpnext.hr.doctype.interview.interview.send_interview_reminder for abakada-assessment-jeremiah-fernandez.com
2022-10-10 17:52:22,215 INFO scheduler Scheduled Job Start: erpnext.healthcare.doctype.patient_appointment.patient_appointment.send_appointment_reminder for abakada-assessment-jeremiah-fernandez.com
2022-10-10 17:52:22,393 INFO scheduler Scheduled Job Complete: erpnext.healthcare.doctype.patient_appointment.patient_appointment.send_appointment_reminder for abakada-assessment-jeremiah-fernandez.com
2022-10-10 17:52:22,447 INFO scheduler Scheduled Job Start: erpnext.projects.doctype.project.project.project_status_update_reminder for abakada-assessment-jeremiah-fernandez.com
2022-10-10 17:52:22,662 INFO scheduler Scheduled Job Complete: erpnext.projects.doctype.project.project.project_status_update_reminder for abakada-assessment-jeremiah-fernandez.com
2022-10-10 17:52:22,719 INFO scheduler Scheduled Job Start: frappe.monitor.flush for abakada-assessment-jeremiah-fernandez.com
2022-10-10 17:52:22,845 INFO scheduler Scheduled Job Complete: frappe.monitor.flush for abakada-assessment-jeremiah-fernandez.com
2022-10-10 17:52:22,900 INFO scheduler Scheduled Job Start: frappe.utils.global_search.sync_global_search for abakada-assessment-jeremiah-fernandez.com
2022-10-10 17:52:23,024 INFO scheduler Scheduled Job Complete: frappe.utils.global_search.sync_global_search for abakada-assessment-jeremiah-fernandez.com
2022-10-10 17:52:23,078 INFO scheduler Scheduled Job Start: frappe.integrations.doctype.razorpay_settings.razorpay_settings.capture_payment for abakada-assessment-jeremiah-fernandez.com
2022-10-10 17:52:23,307 INFO scheduler Scheduled Job Complete: frappe.integrations.doctype.razorpay_settings.razorpay_settings.capture_payment for abakada-assessment-jeremiah-fernandez.com
2022-10-10 17:52:23,361 INFO scheduler Scheduled Job Start: frappe.email.doctype.email_account.email_account.notify_unreplied for abakada-assessment-jeremiah-fernandez.com
2022-10-10 17:52:23,556 INFO scheduler Scheduled Job Complete: frappe.email.doctype.email_account.email_account.notify_unreplied for abakada-assessment-jeremiah-fernandez.com
2022-10-10 17:52:23,609 INFO scheduler Scheduled Job Start: frappe.email.doctype.email_account.email_account.pull for abakada-assessment-jeremiah-fernandez.com
2022-10-10 17:52:23,775 INFO scheduler Scheduled Job Complete: frappe.email.doctype.email_account.email_account.pull for abakada-assessment-jeremiah-fernandez.com
2022-10-10 17:52:23,828 INFO scheduler Scheduled Job Start: frappe.email.queue.flush for abakada-assessment-jeremiah-fernandez.com
2022-10-10 17:52:23,964 INFO scheduler Scheduled Job Complete: frappe.email.queue.flush for abakada-assessment-jeremiah-fernandez.com
2022-10-10 17:53:21,969 DEBUG scheduler Queued events for site abakada-assessment-jeremiah-fernandez.com
2022-10-10 17:54:22,180 DEBUG scheduler Queued events for site abakada-assessment-jeremiah-fernandez.com
2022-10-10 17:55:22,399 DEBUG scheduler Queued events for site abakada-assessment-jeremiah-fernandez.com
2022-10-10 17:55:22,401 INFO scheduler Scheduled Job Start: erpnext.manufacturing.doctype.bom_update_log.bom_update_log.resume_bom_cost_update_jobs for abakada-assessment-jeremiah-fernandez.com
2022-10-10 17:55:22,618 INFO scheduler Scheduled Job Complete: erpnext.manufacturing.doctype.bom_update_log.bom_update_log.resume_bom_cost_update_jobs for abakada-assessment-jeremiah-fernandez.com
2022-10-10 17:56:22,624 INFO scheduler Scheduled Job Start: erpnext.crm.doctype.social_media_post.social_media_post.process_scheduled_social_media_posts for abakada-assessment-jeremiah-fernandez.com
2022-10-10 17:56:22,676 DEBUG scheduler Queued events for site abakada-assessment-jeremiah-fernandez.com
2022-10-10 17:56:22,787 INFO scheduler Scheduled Job Complete: erpnext.crm.doctype.social_media_post.social_media_post.process_scheduled_social_media_posts for abakada-assessment-jeremiah-fernandez.com
2022-10-10 17:56:22,846 INFO scheduler Scheduled Job Start: erpnext.hr.doctype.interview.interview.send_interview_reminder for abakada-assessment-jeremiah-fernandez.com
2022-10-10 17:56:22,997 INFO scheduler Scheduled Job Complete: erpnext.hr.doctype.interview.interview.send_interview_reminder for abakada-assessment-jeremiah-fernandez.com
2022-10-10 17:56:23,053 INFO scheduler Scheduled Job Start: erpnext.healthcare.doctype.patient_appointment.patient_appointment.send_appointment_reminder for abakada-assessment-jeremiah-fernandez.com
2022-10-10 17:56:23,182 INFO scheduler Scheduled Job Complete: erpnext.healthcare.doctype.patient_appointment.patient_appointment.send_appointment_reminder for abakada-assessment-jeremiah-fernandez.com
2022-10-10 17:56:23,238 INFO scheduler Scheduled Job Start: erpnext.projects.doctype.project.project.project_status_update_reminder for abakada-assessment-jeremiah-fernandez.com
2022-10-10 17:56:23,430 INFO scheduler Scheduled Job Complete: erpnext.projects.doctype.project.project.project_status_update_reminder for abakada-assessment-jeremiah-fernandez.com
2022-10-10 17:56:23,482 INFO scheduler Scheduled Job Start: frappe.monitor.flush for abakada-assessment-jeremiah-fernandez.com
2022-10-10 17:56:23,603 INFO scheduler Scheduled Job Complete: frappe.monitor.flush for abakada-assessment-jeremiah-fernandez.com
2022-10-10 17:56:23,655 INFO scheduler Scheduled Job Start: frappe.utils.global_search.sync_global_search for abakada-assessment-jeremiah-fernandez.com
2022-10-10 17:56:23,776 INFO scheduler Scheduled Job Complete: frappe.utils.global_search.sync_global_search for abakada-assessment-jeremiah-fernandez.com
2022-10-10 17:56:23,833 INFO scheduler Scheduled Job Start: frappe.integrations.doctype.razorpay_settings.razorpay_settings.capture_payment for abakada-assessment-jeremiah-fernandez.com
2022-10-10 17:56:24,041 INFO scheduler Scheduled Job Complete: frappe.integrations.doctype.razorpay_settings.razorpay_settings.capture_payment for abakada-assessment-jeremiah-fernandez.com
2022-10-10 17:56:24,098 INFO scheduler Scheduled Job Start: frappe.email.doctype.email_account.email_account.notify_unreplied for abakada-assessment-jeremiah-fernandez.com
2022-10-10 17:56:24,258 INFO scheduler Scheduled Job Complete: frappe.email.doctype.email_account.email_account.notify_unreplied for abakada-assessment-jeremiah-fernandez.com
2022-10-10 17:56:24,313 INFO scheduler Scheduled Job Start: frappe.email.doctype.email_account.email_account.pull for abakada-assessment-jeremiah-fernandez.com
2022-10-10 17:56:24,483 INFO scheduler Scheduled Job Complete: frappe.email.doctype.email_account.email_account.pull for abakada-assessment-jeremiah-fernandez.com
2022-10-10 17:56:24,537 INFO scheduler Scheduled Job Start: frappe.email.queue.flush for abakada-assessment-jeremiah-fernandez.com
2022-10-10 17:56:24,669 INFO scheduler Scheduled Job Complete: frappe.email.queue.flush for abakada-assessment-jeremiah-fernandez.com
2022-10-10 17:57:22,878 DEBUG scheduler Queued events for site abakada-assessment-jeremiah-fernandez.com
2022-10-10 17:58:23,108 DEBUG scheduler Queued events for site abakada-assessment-jeremiah-fernandez.com
2022-10-10 17:59:23,310 DEBUG scheduler Queued events for site abakada-assessment-jeremiah-fernandez.com
2022-10-10 18:00:23,573 INFO scheduler Scheduled Job Start: erpnext.hr.doctype.shift_type.shift_type.process_auto_attendance_for_all_shifts for abakada-assessment-jeremiah-fernandez.com
2022-10-10 18:00:23,583 INFO scheduler Scheduled Job Start: erpnext.erpnext_integrations.connectors.shopify_connection.sync_old_orders for abakada-assessment-jeremiah-fernandez.com
2022-10-10 18:00:23,940 DEBUG scheduler Queued events for site abakada-assessment-jeremiah-fernandez.com
2022-10-10 18:00:23,994 INFO scheduler Scheduled Job Complete: erpnext.hr.doctype.shift_type.shift_type.process_auto_attendance_for_all_shifts for abakada-assessment-jeremiah-fernandez.com
2022-10-10 18:00:24,101 INFO scheduler Scheduled Job Start: erpnext.stock.doctype.repost_item_valuation.repost_item_valuation.repost_entries for abakada-assessment-jeremiah-fernandez.com
2022-10-10 18:00:24,159 INFO scheduler Scheduled Job Complete: erpnext.erpnext_integrations.connectors.shopify_connection.sync_old_orders for abakada-assessment-jeremiah-fernandez.com
2022-10-10 18:00:24,259 INFO scheduler Scheduled Job Start: erpnext.support.doctype.issue.issue.set_service_level_agreement_variance for abakada-assessment-jeremiah-fernandez.com
2022-10-10 18:00:24,405 INFO scheduler Scheduled Job Complete: erpnext.stock.doctype.repost_item_valuation.repost_item_valuation.repost_entries for abakada-assessment-jeremiah-fernandez.com
2022-10-10 18:00:24,471 INFO scheduler Scheduled Job Start: erpnext.accounts.doctype.subscription.subscription.process_all for abakada-assessment-jeremiah-fernandez.com
2022-10-10 18:00:24,511 INFO scheduler Scheduled Job Complete: erpnext.support.doctype.issue.issue.set_service_level_agreement_variance for abakada-assessment-jeremiah-fernandez.com
2022-10-10 18:00:24,617 INFO scheduler Scheduled Job Start: erpnext.projects.doctype.project.project.collect_project_status for abakada-assessment-jeremiah-fernandez.com
2022-10-10 18:00:24,806 INFO scheduler Scheduled Job Complete: erpnext.accounts.doctype.subscription.subscription.process_all for abakada-assessment-jeremiah-fernandez.com
2022-10-10 18:00:24,935 INFO scheduler Scheduled Job Complete: erpnext.projects.doctype.project.project.collect_project_status for abakada-assessment-jeremiah-fernandez.com
2022-10-10 18:00:25,002 INFO scheduler Scheduled Job Start: erpnext.projects.doctype.project.project.hourly_reminder for abakada-assessment-jeremiah-fernandez.com
2022-10-10 18:00:25,253 INFO scheduler Scheduled Job Complete: erpnext.projects.doctype.project.project.hourly_reminder for abakada-assessment-jeremiah-fernandez.com
2022-10-10 18:00:25,339 INFO scheduler Scheduled Job Start: erpnext.erpnext_integrations.doctype.plaid_settings.plaid_settings.automatic_synchronization for abakada-assessment-jeremiah-fernandez.com
2022-10-10 18:00:25,681 INFO scheduler Scheduled Job Complete: erpnext.erpnext_integrations.doctype.plaid_settings.plaid_settings.automatic_synchronization for abakada-assessment-jeremiah-fernandez.com
2022-10-10 18:00:25,756 INFO scheduler Scheduled Job Start: erpnext.erpnext_integrations.doctype.amazon_mws_settings.amazon_mws_settings.schedule_get_order_details for abakada-assessment-jeremiah-fernandez.com
2022-10-10 18:00:25,994 INFO scheduler Scheduled Job Complete: erpnext.erpnext_integrations.doctype.amazon_mws_settings.amazon_mws_settings.schedule_get_order_details for abakada-assessment-jeremiah-fernandez.com
2022-10-10 18:00:26,064 INFO scheduler Scheduled Job Start: erpnext.hr.doctype.daily_work_summary_group.daily_work_summary_group.trigger_emails for abakada-assessment-jeremiah-fernandez.com
2022-10-10 18:00:26,296 INFO scheduler Scheduled Job Complete: erpnext.hr.doctype.daily_work_summary_group.daily_work_summary_group.trigger_emails for abakada-assessment-jeremiah-fernandez.com
2022-10-10 18:00:26,378 INFO scheduler Scheduled Job Start: erpnext.crm.doctype.social_media_post.social_media_post.process_scheduled_social_media_posts for abakada-assessment-jeremiah-fernandez.com
2022-10-10 18:00:26,662 INFO scheduler Scheduled Job Complete: erpnext.crm.doctype.social_media_post.social_media_post.process_scheduled_social_media_posts for abakada-assessment-jeremiah-fernandez.com
2022-10-10 18:00:26,730 INFO scheduler Scheduled Job Start: erpnext.hr.doctype.interview.interview.send_interview_reminder for abakada-assessment-jeremiah-fernandez.com
2022-10-10 18:00:26,892 INFO scheduler Scheduled Job Complete: erpnext.hr.doctype.interview.interview.send_interview_reminder for abakada-assessment-jeremiah-fernandez.com
2022-10-10 18:00:26,947 INFO scheduler Scheduled Job Start: erpnext.healthcare.doctype.patient_appointment.patient_appointment.send_appointment_reminder for abakada-assessment-jeremiah-fernandez.com
2022-10-10 18:00:27,095 INFO scheduler Scheduled Job Complete: erpnext.healthcare.doctype.patient_appointment.patient_appointment.send_appointment_reminder for abakada-assessment-jeremiah-fernandez.com
2022-10-10 18:00:27,159 INFO scheduler Scheduled Job Start: erpnext.projects.doctype.project.project.project_status_update_reminder for abakada-assessment-jeremiah-fernandez.com
2022-10-10 18:00:27,362 INFO scheduler Scheduled Job Complete: erpnext.projects.doctype.project.project.project_status_update_reminder for abakada-assessment-jeremiah-fernandez.com
2022-10-10 18:00:27,419 INFO scheduler Scheduled Job Start: erpnext.utilities.doctype.video.video.update_youtube_data for abakada-assessment-jeremiah-fernandez.com
2022-10-10 18:00:27,775 INFO scheduler Scheduled Job Failed: erpnext.utilities.doctype.video.video.update_youtube_data for abakada-assessment-jeremiah-fernandez.com
2022-10-10 18:00:27,875 INFO scheduler Scheduled Job Start: erpnext.manufacturing.doctype.bom_update_log.bom_update_log.resume_bom_cost_update_jobs for abakada-assessment-jeremiah-fernandez.com
2022-10-10 18:00:28,094 INFO scheduler Scheduled Job Complete: erpnext.manufacturing.doctype.bom_update_log.bom_update_log.resume_bom_cost_update_jobs for abakada-assessment-jeremiah-fernandez.com
2022-10-10 18:00:28,156 INFO scheduler Scheduled Job Start: frappe.email.doctype.newsletter.newsletter.send_scheduled_email for abakada-assessment-jeremiah-fernandez.com
2022-10-10 18:00:28,432 INFO scheduler Scheduled Job Complete: frappe.email.doctype.newsletter.newsletter.send_scheduled_email for abakada-assessment-jeremiah-fernandez.com
2022-10-10 18:00:28,500 INFO scheduler Scheduled Job Start: frappe.integrations.doctype.google_calendar.google_calendar.sync for abakada-assessment-jeremiah-fernandez.com
2022-10-10 18:00:28,961 INFO scheduler Scheduled Job Complete: frappe.integrations.doctype.google_calendar.google_calendar.sync for abakada-assessment-jeremiah-fernandez.com
2022-10-10 18:00:29,024 INFO scheduler Scheduled Job Start: frappe.desk.form.document_follow.send_hourly_updates for abakada-assessment-jeremiah-fernandez.com
2022-10-10 18:00:29,218 INFO scheduler Scheduled Job Complete: frappe.desk.form.document_follow.send_hourly_updates for abakada-assessment-jeremiah-fernandez.com
2022-10-10 18:00:29,282 INFO scheduler Scheduled Job Start: frappe.deferred_insert.save_to_db for abakada-assessment-jeremiah-fernandez.com
2022-10-10 18:00:29,537 INFO scheduler Scheduled Job Complete: frappe.deferred_insert.save_to_db for abakada-assessment-jeremiah-fernandez.com
2022-10-10 18:00:29,606 INFO scheduler Scheduled Job Start: frappe.desk.page.backups.backups.delete_downloadable_backups for abakada-assessment-jeremiah-fernandez.com
2022-10-10 18:00:29,798 INFO scheduler Scheduled Job Complete: frappe.desk.page.backups.backups.delete_downloadable_backups for abakada-assessment-jeremiah-fernandez.com
2022-10-10 18:00:29,861 INFO scheduler Scheduled Job Start: frappe.utils.error.collect_error_snapshots for abakada-assessment-jeremiah-fernandez.com
2022-10-10 18:00:30,112 INFO scheduler Scheduled Job Complete: frappe.utils.error.collect_error_snapshots for abakada-assessment-jeremiah-fernandez.com
2022-10-10 18:00:30,174 INFO scheduler Scheduled Job Start: frappe.model.utils.user_settings.sync_user_settings for abakada-assessment-jeremiah-fernandez.com
2022-10-10 18:00:30,330 INFO scheduler Scheduled Job Complete: frappe.model.utils.user_settings.sync_user_settings for abakada-assessment-jeremiah-fernandez.com
2022-10-10 18:00:30,394 INFO scheduler Scheduled Job Start: frappe.model.utils.link_count.update_link_count for abakada-assessment-jeremiah-fernandez.com
2022-10-10 18:00:30,569 INFO scheduler Scheduled Job Complete: frappe.model.utils.link_count.update_link_count for abakada-assessment-jeremiah-fernandez.com
2022-10-10 18:00:30,636 INFO scheduler Scheduled Job Start: frappe.monitor.flush for abakada-assessment-jeremiah-fernandez.com
2022-10-10 18:00:30,778 INFO scheduler Scheduled Job Complete: frappe.monitor.flush for abakada-assessment-jeremiah-fernandez.com
2022-10-10 18:00:30,835 INFO scheduler Scheduled Job Start: frappe.utils.global_search.sync_global_search for abakada-assessment-jeremiah-fernandez.com
2022-10-10 18:00:30,977 INFO scheduler Scheduled Job Complete: frappe.utils.global_search.sync_global_search for abakada-assessment-jeremiah-fernandez.com
2022-10-10 18:00:31,031 INFO scheduler Scheduled Job Start: frappe.integrations.doctype.razorpay_settings.razorpay_settings.capture_payment for abakada-assessment-jeremiah-fernandez.com
2022-10-10 18:00:31,257 INFO scheduler Scheduled Job Complete: frappe.integrations.doctype.razorpay_settings.razorpay_settings.capture_payment for abakada-assessment-jeremiah-fernandez.com
2022-10-10 18:00:31,312 INFO scheduler Scheduled Job Start: frappe.email.doctype.email_account.email_account.notify_unreplied for abakada-assessment-jeremiah-fernandez.com
2022-10-10 18:00:31,470 INFO scheduler Scheduled Job Complete: frappe.email.doctype.email_account.email_account.notify_unreplied for abakada-assessment-jeremiah-fernandez.com
2022-10-10 18:00:31,524 INFO scheduler Scheduled Job Start: frappe.email.doctype.email_account.email_account.pull for abakada-assessment-jeremiah-fernandez.com
2022-10-10 18:00:31,695 INFO scheduler Scheduled Job Complete: frappe.email.doctype.email_account.email_account.pull for abakada-assessment-jeremiah-fernandez.com
2022-10-10 18:00:31,751 INFO scheduler Scheduled Job Start: frappe.email.queue.flush for abakada-assessment-jeremiah-fernandez.com
2022-10-10 18:00:31,886 INFO scheduler Scheduled Job Complete: frappe.email.queue.flush for abakada-assessment-jeremiah-fernandez.com
2022-10-10 18:00:31,947 INFO scheduler Scheduled Job Start: frappe.twofactor.delete_all_barcodes_for_users for abakada-assessment-jeremiah-fernandez.com
2022-10-10 18:00:32,129 INFO scheduler Scheduled Job Complete: frappe.twofactor.delete_all_barcodes_for_users for abakada-assessment-jeremiah-fernandez.com
2022-10-10 18:00:32,191 INFO scheduler Scheduled Job Start: frappe.website.doctype.web_page.web_page.check_publish_status for abakada-assessment-jeremiah-fernandez.com
2022-10-10 18:00:32,430 INFO scheduler Scheduled Job Complete: frappe.website.doctype.web_page.web_page.check_publish_status for abakada-assessment-jeremiah-fernandez.com
2022-10-10 18:00:32,496 INFO scheduler Scheduled Job Start: frappe.oauth.delete_oauth2_data for abakada-assessment-jeremiah-fernandez.com
2022-10-10 18:00:32,725 INFO scheduler Scheduled Job Complete: frappe.oauth.delete_oauth2_data for abakada-assessment-jeremiah-fernandez.com
2022-10-10 18:01:24,166 DEBUG scheduler Queued events for site abakada-assessment-jeremiah-fernandez.com
2022-10-10 18:02:24,371 DEBUG scheduler Queued events for site abakada-assessment-jeremiah-fernandez.com
2022-10-10 18:03:24,613 DEBUG scheduler Queued events for site abakada-assessment-jeremiah-fernandez.com
2022-10-10 18:04:52,872 INFO scheduler Scheduled Job Start: erpnext.crm.doctype.social_media_post.social_media_post.process_scheduled_social_media_posts for abakada-assessment-jeremiah-fernandez.com
2022-10-10 18:04:52,940 DEBUG scheduler Queued events for site abakada-assessment-jeremiah-fernandez.com
2022-10-10 18:04:53,291 INFO scheduler Scheduled Job Complete: erpnext.crm.doctype.social_media_post.social_media_post.process_scheduled_social_media_posts for abakada-assessment-jeremiah-fernandez.com
2022-10-10 18:04:53,423 INFO scheduler Scheduled Job Start: erpnext.hr.doctype.interview.interview.send_interview_reminder for abakada-assessment-jeremiah-fernandez.com
2022-10-10 18:04:54,043 INFO scheduler Scheduled Job Complete: erpnext.hr.doctype.interview.interview.send_interview_reminder for abakada-assessment-jeremiah-fernandez.com
2022-10-10 18:04:54,173 INFO scheduler Scheduled Job Start: erpnext.healthcare.doctype.patient_appointment.patient_appointment.send_appointment_reminder for abakada-assessment-jeremiah-fernandez.com
2022-10-10 18:04:54,447 INFO scheduler Scheduled Job Complete: erpnext.healthcare.doctype.patient_appointment.patient_appointment.send_appointment_reminder for abakada-assessment-jeremiah-fernandez.com
2022-10-10 18:04:54,689 INFO scheduler Scheduled Job Start: erpnext.projects.doctype.project.project.project_status_update_reminder for abakada-assessment-jeremiah-fernandez.com
2022-10-10 18:04:55,282 INFO scheduler Scheduled Job Complete: erpnext.projects.doctype.project.project.project_status_update_reminder for abakada-assessment-jeremiah-fernandez.com
2022-10-10 18:04:55,430 INFO scheduler Scheduled Job Start: frappe.monitor.flush for abakada-assessment-jeremiah-fernandez.com
2022-10-10 18:04:55,656 INFO scheduler Scheduled Job Complete: frappe.monitor.flush for abakada-assessment-jeremiah-fernandez.com
2022-10-10 18:04:55,724 INFO scheduler Scheduled Job Start: frappe.utils.global_search.sync_global_search for abakada-assessment-jeremiah-fernandez.com
2022-10-10 18:04:55,866 INFO scheduler Scheduled Job Complete: frappe.utils.global_search.sync_global_search for abakada-assessment-jeremiah-fernandez.com
2022-10-10 18:04:55,933 INFO scheduler Scheduled Job Start: frappe.integrations.doctype.razorpay_settings.razorpay_settings.capture_payment for abakada-assessment-jeremiah-fernandez.com
2022-10-10 18:04:56,241 INFO scheduler Scheduled Job Complete: frappe.integrations.doctype.razorpay_settings.razorpay_settings.capture_payment for abakada-assessment-jeremiah-fernandez.com
2022-10-10 18:04:56,307 INFO scheduler Scheduled Job Start: frappe.email.doctype.email_account.email_account.notify_unreplied for abakada-assessment-jeremiah-fernandez.com
2022-10-10 18:04:56,523 INFO scheduler Scheduled Job Complete: frappe.email.doctype.email_account.email_account.notify_unreplied for abakada-assessment-jeremiah-fernandez.com
2022-10-10 18:04:56,581 INFO scheduler Scheduled Job Start: frappe.email.doctype.email_account.email_account.pull for abakada-assessment-jeremiah-fernandez.com
2022-10-10 18:04:56,768 INFO scheduler Scheduled Job Complete: frappe.email.doctype.email_account.email_account.pull for abakada-assessment-jeremiah-fernandez.com
2022-10-10 18:04:56,825 INFO scheduler Scheduled Job Start: frappe.email.queue.flush for abakada-assessment-jeremiah-fernandez.com
2022-10-10 18:04:56,964 INFO scheduler Scheduled Job Complete: frappe.email.queue.flush for abakada-assessment-jeremiah-fernandez.com
2022-10-10 18:06:30,217 DEBUG scheduler Queued events for site abakada-assessment-jeremiah-fernandez.com
2022-10-10 18:06:30,342 INFO scheduler Scheduled Job Start: erpnext.manufacturing.doctype.bom_update_log.bom_update_log.resume_bom_cost_update_jobs for abakada-assessment-jeremiah-fernandez.com
2022-10-10 18:06:30,804 INFO scheduler Scheduled Job Complete: erpnext.manufacturing.doctype.bom_update_log.bom_update_log.resume_bom_cost_update_jobs for abakada-assessment-jeremiah-fernandez.com
2022-10-10 18:07:30,455 DEBUG scheduler Queued events for site abakada-assessment-jeremiah-fernandez.com
2022-10-10 18:08:30,775 INFO scheduler Scheduled Job Start: erpnext.crm.doctype.social_media_post.social_media_post.process_scheduled_social_media_posts for abakada-assessment-jeremiah-fernandez.com
2022-10-10 18:08:30,832 DEBUG scheduler Queued events for site abakada-assessment-jeremiah-fernandez.com
2022-10-10 18:08:31,068 INFO scheduler Scheduled Job Complete: erpnext.crm.doctype.social_media_post.social_media_post.process_scheduled_social_media_posts for abakada-assessment-jeremiah-fernandez.com
2022-10-10 18:08:31,150 INFO scheduler Scheduled Job Start: erpnext.hr.doctype.interview.interview.send_interview_reminder for abakada-assessment-jeremiah-fernandez.com
2022-10-10 18:08:31,379 INFO scheduler Scheduled Job Complete: erpnext.hr.doctype.interview.interview.send_interview_reminder for abakada-assessment-jeremiah-fernandez.com
2022-10-10 18:08:31,459 INFO scheduler Scheduled Job Start: erpnext.healthcare.doctype.patient_appointment.patient_appointment.send_appointment_reminder for abakada-assessment-jeremiah-fernandez.com
2022-10-10 18:08:31,723 INFO scheduler Scheduled Job Complete: erpnext.healthcare.doctype.patient_appointment.patient_appointment.send_appointment_reminder for abakada-assessment-jeremiah-fernandez.com
2022-10-10 18:08:31,810 INFO scheduler Scheduled Job Start: erpnext.projects.doctype.project.project.project_status_update_reminder for abakada-assessment-jeremiah-fernandez.com
2022-10-10 18:08:32,071 INFO scheduler Scheduled Job Complete: erpnext.projects.doctype.project.project.project_status_update_reminder for abakada-assessment-jeremiah-fernandez.com
2022-10-10 18:08:32,253 INFO scheduler Scheduled Job Start: frappe.monitor.flush for abakada-assessment-jeremiah-fernandez.com
2022-10-10 18:08:32,383 INFO scheduler Scheduled Job Complete: frappe.monitor.flush for abakada-assessment-jeremiah-fernandez.com
2022-10-10 18:08:32,447 INFO scheduler Scheduled Job Start: frappe.utils.global_search.sync_global_search for abakada-assessment-jeremiah-fernandez.com
2022-10-10 18:08:32,610 INFO scheduler Scheduled Job Complete: frappe.utils.global_search.sync_global_search for abakada-assessment-jeremiah-fernandez.com
2022-10-10 18:08:32,670 INFO scheduler Scheduled Job Start: frappe.integrations.doctype.razorpay_settings.razorpay_settings.capture_payment for abakada-assessment-jeremiah-fernandez.com
2022-10-10 18:08:32,973 INFO scheduler Scheduled Job Complete: frappe.integrations.doctype.razorpay_settings.razorpay_settings.capture_payment for abakada-assessment-jeremiah-fernandez.com
2022-10-10 18:08:33,034 INFO scheduler Scheduled Job Start: frappe.email.doctype.email_account.email_account.notify_unreplied for abakada-assessment-jeremiah-fernandez.com
2022-10-10 18:08:33,229 INFO scheduler Scheduled Job Complete: frappe.email.doctype.email_account.email_account.notify_unreplied for abakada-assessment-jeremiah-fernandez.com
2022-10-10 18:08:33,295 INFO scheduler Scheduled Job Start: frappe.email.doctype.email_account.email_account.pull for abakada-assessment-jeremiah-fernandez.com
2022-10-10 18:08:33,484 INFO scheduler Scheduled Job Complete: frappe.email.doctype.email_account.email_account.pull for abakada-assessment-jeremiah-fernandez.com
2022-10-10 18:08:33,565 INFO scheduler Scheduled Job Start: frappe.email.queue.flush for abakada-assessment-jeremiah-fernandez.com
2022-10-10 18:08:33,705 INFO scheduler Scheduled Job Complete: frappe.email.queue.flush for abakada-assessment-jeremiah-fernandez.com
2022-10-10 18:09:31,044 DEBUG scheduler Queued events for site abakada-assessment-jeremiah-fernandez.com
2022-10-10 18:10:31,271 DEBUG scheduler Queued events for site abakada-assessment-jeremiah-fernandez.com
2022-10-10 18:10:31,278 INFO scheduler Scheduled Job Start: erpnext.manufacturing.doctype.bom_update_log.bom_update_log.resume_bom_cost_update_jobs for abakada-assessment-jeremiah-fernandez.com
2022-10-10 18:10:31,510 INFO scheduler Scheduled Job Complete: erpnext.manufacturing.doctype.bom_update_log.bom_update_log.resume_bom_cost_update_jobs for abakada-assessment-jeremiah-fernandez.com
2022-10-10 18:11:31,473 DEBUG scheduler Queued events for site abakada-assessment-jeremiah-fernandez.com
2022-10-10 18:12:31,677 INFO scheduler Scheduled Job Start: erpnext.crm.doctype.social_media_post.social_media_post.process_scheduled_social_media_posts for abakada-assessment-jeremiah-fernandez.com
2022-10-10 18:12:31,714 DEBUG scheduler Queued events for site abakada-assessment-jeremiah-fernandez.com
2022-10-10 18:12:31,831 INFO scheduler Scheduled Job Complete: erpnext.crm.doctype.social_media_post.social_media_post.process_scheduled_social_media_posts for abakada-assessment-jeremiah-fernandez.com
2022-10-10 18:12:31,892 INFO scheduler Scheduled Job Start: erpnext.hr.doctype.interview.interview.send_interview_reminder for abakada-assessment-jeremiah-fernandez.com
2022-10-10 18:12:32,041 INFO scheduler Scheduled Job Complete: erpnext.hr.doctype.interview.interview.send_interview_reminder for abakada-assessment-jeremiah-fernandez.com
2022-10-10 18:12:32,099 INFO scheduler Scheduled Job Start: erpnext.healthcare.doctype.patient_appointment.patient_appointment.send_appointment_reminder for abakada-assessment-jeremiah-fernandez.com
2022-10-10 18:12:32,226 INFO scheduler Scheduled Job Complete: erpnext.healthcare.doctype.patient_appointment.patient_appointment.send_appointment_reminder for abakada-assessment-jeremiah-fernandez.com
2022-10-10 18:12:32,281 INFO scheduler Scheduled Job Start: erpnext.projects.doctype.project.project.project_status_update_reminder for abakada-assessment-jeremiah-fernandez.com
2022-10-10 18:12:32,472 INFO scheduler Scheduled Job Complete: erpnext.projects.doctype.project.project.project_status_update_reminder for abakada-assessment-jeremiah-fernandez.com
2022-10-10 18:12:32,529 INFO scheduler Scheduled Job Start: frappe.monitor.flush for abakada-assessment-jeremiah-fernandez.com
2022-10-10 18:12:32,656 INFO scheduler Scheduled Job Complete: frappe.monitor.flush for abakada-assessment-jeremiah-fernandez.com
2022-10-10 18:12:32,709 INFO scheduler Scheduled Job Start: frappe.utils.global_search.sync_global_search for abakada-assessment-jeremiah-fernandez.com
2022-10-10 18:12:32,835 INFO scheduler Scheduled Job Complete: frappe.utils.global_search.sync_global_search for abakada-assessment-jeremiah-fernandez.com
2022-10-10 18:12:32,893 INFO scheduler Scheduled Job Start: frappe.integrations.doctype.razorpay_settings.razorpay_settings.capture_payment for abakada-assessment-jeremiah-fernandez.com
2022-10-10 18:12:33,105 INFO scheduler Scheduled Job Complete: frappe.integrations.doctype.razorpay_settings.razorpay_settings.capture_payment for abakada-assessment-jeremiah-fernandez.com
2022-10-10 18:12:33,169 INFO scheduler Scheduled Job Start: frappe.email.doctype.email_account.email_account.notify_unreplied for abakada-assessment-jeremiah-fernandez.com
2022-10-10 18:12:33,346 INFO scheduler Scheduled Job Complete: frappe.email.doctype.email_account.email_account.notify_unreplied for abakada-assessment-jeremiah-fernandez.com
2022-10-10 18:12:33,416 INFO scheduler Scheduled Job Start: frappe.email.doctype.email_account.email_account.pull for abakada-assessment-jeremiah-fernandez.com
2022-10-10 18:12:33,600 INFO scheduler Scheduled Job Complete: frappe.email.doctype.email_account.email_account.pull for abakada-assessment-jeremiah-fernandez.com
2022-10-10 18:12:33,659 INFO scheduler Scheduled Job Start: frappe.email.queue.flush for abakada-assessment-jeremiah-fernandez.com
2022-10-10 18:12:33,802 INFO scheduler Scheduled Job Complete: frappe.email.queue.flush for abakada-assessment-jeremiah-fernandez.com
2022-10-10 18:13:31,932 DEBUG scheduler Queued events for site abakada-assessment-jeremiah-fernandez.com
2022-10-10 18:14:32,126 DEBUG scheduler Queued events for site abakada-assessment-jeremiah-fernandez.com
